This file contains any messages produced by compilers while
running configure, to aid debugging if configure makes a mistake.

It was created by TooN configure version-2.0.0-beta8, which was
generated by GNU Autoconf 2.68.  Invocation command line was

  $ ./configure 

## --------- ##
## Platform. ##
## --------- ##

hostname = MacBook-Pro-de-Mathieu.local
uname -m = x86_64
uname -r = 13.0.0
uname -s = Darwin
uname -v = Darwin Kernel Version 13.0.0: Thu Sep 19 22:22:27 PDT 2013; root:xnu-2422.1.72~6/RELEASE_X86_64

/usr/bin/uname -p = i386
/bin/uname -X     = unknown

/bin/arch              = unknown
/usr/bin/arch -k       = unknown
/usr/convex/getsysinfo = unknown
/usr/bin/hostinfo      = Mach kernel version:
	 Darwin Kernel Version 13.0.0: Thu Sep 19 22:22:27 PDT 2013; root:xnu-2422.1.72~6/RELEASE_X86_64
Kernel configured for up to 8 processors.
4 processors are physically available.
8 processors are logically available.
Processor type: i486 (Intel 80486)
Processors active: 0 1 2 3 4 5 6 7
Primary memory available: 8.00 gigabytes
Default processor set: 194 tasks, 1079 threads, 8 processors
Load average: 1.35, Mach factor: 6.64
/bin/machine           = unknown
/usr/bin/oslevel       = unknown
/bin/universe          = unknown

PATH: /Users/mathieu/External/cappboostrap/bin
PATH: /usr/local/bin
PATH: /Users/mathieu/android-sdks/tools
PATH: /Users/mathieu/android-sdks/platform-tools
PATH: /Users/mathieu/android-sdks/android-ndk-r9
PATH: /usr/bin
PATH: /bin
PATH: /usr/sbin
PATH: /sbin
PATH: /usr/local/bin
PATH: /opt/X11/bin
PATH: /Users/mathieu/.rvm/bin


## ----------- ##
## Core tests. ##
## ----------- ##

configure:1846: checking for g++
configure:1862: found /usr/bin/g++
configure:1873: result: g++
configure:1900: checking for C++ compiler version
configure:1909: g++ --version >&5
Apple LLVM version 5.0 (clang-500.2.79) (based on LLVM 3.3svn)
Target: x86_64-apple-darwin13.0.0
Thread model: posix
Configured with: --prefix=/Applications/Xcode.app/Contents/Developer/usr --with-gxx-include-dir=/usr/include/c++/4.2.1
configure:1920: $? = 0
configure:1909: g++ -v >&5
Configured with: --prefix=/Applications/Xcode.app/Contents/Developer/usr --with-gxx-include-dir=/usr/include/c++/4.2.1
Apple LLVM version 5.0 (clang-500.2.79) (based on LLVM 3.3svn)
Target: x86_64-apple-darwin13.0.0
Thread model: posix
configure:1920: $? = 0
configure:1909: g++ -V >&5
clang: error: argument to '-V' is missing (expected 1 value)
clang: error: no input files
configure:1920: $? = 1
configure:1909: g++ -qversion >&5
clang: error: no input files
configure:1920: $? = 1
configure:1940: checking whether the C++ compiler works
configure:1962: g++    conftest.cpp  >&5
configure:1966: $? = 0
configure:2014: result: yes
configure:2017: checking for C++ compiler default output file name
configure:2019: result: a.out
configure:2025: checking for suffix of executables
configure:2032: g++ -o conftest    conftest.cpp  >&5
configure:2036: $? = 0
configure:2058: result: 
configure:2080: checking whether we are cross compiling
configure:2088: g++ -o conftest    conftest.cpp  >&5
configure:2092: $? = 0
configure:2099: ./conftest
configure:2103: $? = 0
configure:2118: result: no
configure:2123: checking for suffix of object files
configure:2145: g++ -c   conftest.cpp >&5
configure:2149: $? = 0
configure:2170: result: o
configure:2174: checking whether we are using the GNU C++ compiler
configure:2193: g++ -c   conftest.cpp >&5
configure:2193: $? = 0
configure:2202: result: yes
configure:2211: checking whether g++ accepts -g
configure:2231: g++ -c -g  conftest.cpp >&5
configure:2231: $? = 0
configure:2272: result: yes
configure:2324: checking for pkg-config
configure:2342: found /usr/local/bin/pkg-config
configure:2354: result: /usr/local/bin/pkg-config
configure:2369: checking for sed
configure:2385: found /usr/bin/sed
configure:2397: result: sed
configure:2405: checking for pkg-config library dir
configure:2409: result: ${exec_prefix}/lib/pkgconfig
configure:2458: checking for dgesvd_ in -llapack
configure:2483: g++ -o conftest -g -O2   conftest.cpp -llapack   >&5
configure:2483: $? = 0
configure:2492: result: yes
configure:2525: checking for decltype
configure:2537: g++ -c -g -O2  conftest.cpp >&5
conftest.cpp:15:26: error: expected ')'
                        typedef decltype(int()*double()) foo;
                                              ^
conftest.cpp:15:20: note: to match this '('
                        typedef decltype(int()*double()) foo;
                                        ^
conftest.cpp:15:12: error: C++ requires a type specifier for all declarations
                        typedef decltype(int()*double()) foo;
                        ~~~~~~~ ^
conftest.cpp:15:36: error: expected ';' at end of declaration
                        typedef decltype(int()*double()) foo;
                                                        ^
                                                        ;
3 errors generated.
configure:2537: $? = 1
configure: failed program was:
| /* confdefs.h */
| #define PACKAGE_NAME "TooN"
| #define PACKAGE_TARNAME "toon"
| #define PACKAGE_VERSION "version-2.0.0-beta8"
| #define PACKAGE_STRING "TooN version-2.0.0-beta8"
| #define PACKAGE_BUGREPORT ""
| #define PACKAGE_URL ""
| #define HAVE_LIBLAPACK 1
| #define TOON_USE_LAPACK 1
| /* end confdefs.h.  */
| 
| 
| 		int main()
| 		{
| 			typedef decltype(int()*double()) foo;
| 		}
| 
configure:2541: result: no
configure:2550: checking for __typeof__
configure:2562: g++ -c -g -O2  conftest.cpp >&5
configure:2562: $? = 0
configure:2563: result: yes
configure:2641: checking for __attribute__((deprecated))
configure:2653: g++ -c -g -O2  conftest.cpp >&5
conftest.cpp:16:2: warning: 'foo' is deprecated [-Wdeprecated-declarations]
        foo();
        ^
conftest.cpp:13:34: note: 'foo' declared here
__attribute__((deprecated)) void foo(){}
                                 ^
1 warning generated.
configure:2653: $? = 0
configure:2654: result: yes
configure:2667: checking if compiler flag -Wall works
configure:2682: g++ -c -g -O2 -Wall  conftest.cpp >&5
configure:2682: $? = 0
configure:2695: result: yes
configure:2708: checking if compiler flag -Wextra works
configure:2723: g++ -c -g -O2 -Wall -Wextra  conftest.cpp >&5
configure:2723: $? = 0
configure:2736: result: yes
configure:2749: checking if compiler flag -W works
configure:2764: g++ -c -g -O2 -Wall -Wextra -W  conftest.cpp >&5
configure:2764: $? = 0
configure:2777: result: yes
configure:2790: checking if compiler flag -O3 works
configure:2805: g++ -c -g -O2 -Wall -Wextra -W -O3  conftest.cpp >&5
configure:2805: $? = 0
configure:2818: result: yes
configure:2831: checking if compiler flag -Werror works
configure:2846: g++ -c -g -O2 -Wall -Wextra -W -O3 -Werror  conftest.cpp >&5
configure:2846: $? = 0
configure:2859: result: yes
configure:2988: creating ./config.status

## ---------------------- ##
## Running config.status. ##
## ---------------------- ##

This file was extended by TooN config.status version-2.0.0-beta8, which was
generated by GNU Autoconf 2.68.  Invocation command line was

  CONFIG_FILES    = 
  CONFIG_HEADERS  = 
  CONFIG_LINKS    = 
  CONFIG_COMMANDS = 
  $ ./config.status 

on MacBook-Pro-de-Mathieu.local

config.status:806: creating TooN.pc
config.status:806: creating Makefile
config.status:806: creating internal/config.hh
config.status:976: internal/config.hh is unchanged

## ---------------- ##
## Cache variables. ##
## ---------------- ##

ac_cv_cxx_compiler_gnu=yes
ac_cv_env_CCC_set=
ac_cv_env_CCC_value=
ac_cv_env_CPPFLAGS_set=
ac_cv_env_CPPFLAGS_value=
ac_cv_env_CXXFLAGS_set=
ac_cv_env_CXXFLAGS_value=
ac_cv_env_CXX_set=
ac_cv_env_CXX_value=
ac_cv_env_LDFLAGS_set=
ac_cv_env_LDFLAGS_value=
ac_cv_env_LIBS_set=
ac_cv_env_LIBS_value=
ac_cv_env_build_alias_set=
ac_cv_env_build_alias_value=
ac_cv_env_host_alias_set=
ac_cv_env_host_alias_value=
ac_cv_env_target_alias_set=
ac_cv_env_target_alias_value=
ac_cv_lib_lapack_dgesvd_=yes
ac_cv_objext=o
ac_cv_path_PKG_CONFIG=/usr/local/bin/pkg-config
ac_cv_prog_SED=sed
ac_cv_prog_ac_ct_CXX=g++
ac_cv_prog_cxx_g=yes

## ----------------- ##
## Output variables. ##
## ----------------- ##

CPPFLAGS=''
CXX='g++'
CXXFLAGS='-g -O2 -Wall -Wextra -W -O3 -Werror'
DEFS='-DHAVE_CONFIG_H'
ECHO_C='\c'
ECHO_N=''
ECHO_T=''
EXEEXT=''
LDFLAGS=''
LIBOBJS=''
LIBS='-llapack '
LTLIBOBJS=''
OBJEXT='o'
PACKAGE_BUGREPORT=''
PACKAGE_NAME='TooN'
PACKAGE_STRING='TooN version-2.0.0-beta8'
PACKAGE_TARNAME='toon'
PACKAGE_URL=''
PACKAGE_VERSION='version-2.0.0-beta8'
PATH_SEPARATOR=':'
PKGCONFIG_LIBDIR='${exec_prefix}/lib/pkgconfig'
PKG_CONFIG='/usr/local/bin/pkg-config'
SED='sed'
SHELL='/bin/sh'
VERSION='version-2.0.0-beta8'
ac_ct_CXX='g++'
bindir='${exec_prefix}/bin'
build_alias=''
datadir='${datarootdir}'
datarootdir='${prefix}/share'
docdir='${datarootdir}/doc/${PACKAGE_TARNAME}'
dvidir='${docdir}'
exec_prefix='${prefix}'
host_alias=''
htmldir='${docdir}'
includedir='${prefix}/include'
infodir='${datarootdir}/info'
libdir='${exec_prefix}/lib'
libexecdir='${exec_prefix}/libexec'
localedir='${datarootdir}/locale'
localstatedir='${prefix}/var'
mandir='${datarootdir}/man'
oldincludedir='/usr/include'
pdfdir='${docdir}'
prefix='/usr/local'
program_transform_name='s,x,x,'
psdir='${docdir}'
sbindir='${exec_prefix}/sbin'
sharedstatedir='${prefix}/com'
sysconfdir='${prefix}/etc'
target_alias=''
use_lapack='yes'

## ----------- ##
## confdefs.h. ##
## ----------- ##

/* confdefs.h */
#define PACKAGE_NAME "TooN"
#define PACKAGE_TARNAME "toon"
#define PACKAGE_VERSION "version-2.0.0-beta8"
#define PACKAGE_STRING "TooN version-2.0.0-beta8"
#define PACKAGE_BUGREPORT ""
#define PACKAGE_URL ""
#define HAVE_LIBLAPACK 1
#define TOON_USE_LAPACK 1
#define TOON_TYPEOF___TYPEOF__ 1
#define TOON_DEPRECATED_GCC 1 

configure: exit 0
