This file contains any messages produced by compilers while
running configure, to aid debugging if configure makes a mistake.

It was created by gvars3 configure 0.6, which was
generated by GNU Autoconf 2.68.  Invocation command line was

  $ ./configure --without-head --with-TooN --disable-fltk --disable-fltk2 --without-readline

## --------- ##
## Platform. ##
## --------- ##

hostname = MacBook-Pro-de-Mathieu.local
uname -m = x86_64
uname -r = 13.0.0
uname -s = Darwin
uname -v = Darwin Kernel Version 13.0.0: Thu Sep 19 22:22:27 PDT 2013; root:xnu-2422.1.72~6/RELEASE_X86_64

/usr/bin/uname -p = i386
/bin/uname -X     = unknown

/bin/arch              = unknown
/usr/bin/arch -k       = unknown
/usr/convex/getsysinfo = unknown
/usr/bin/hostinfo      = Mach kernel version:
	 Darwin Kernel Version 13.0.0: Thu Sep 19 22:22:27 PDT 2013; root:xnu-2422.1.72~6/RELEASE_X86_64
Kernel configured for up to 8 processors.
4 processors are physically available.
8 processors are logically available.
Processor type: i486 (Intel 80486)
Processors active: 0 1 2 3 4 5 6 7
Primary memory available: 8.00 gigabytes
Default processor set: 203 tasks, 1200 threads, 8 processors
Load average: 1.19, Mach factor: 6.80
/bin/machine           = unknown
/usr/bin/oslevel       = unknown
/bin/universe          = unknown

PATH: /Users/mathieu/External/cappboostrap/bin
PATH: /usr/local/bin
PATH: /Users/mathieu/android-sdks/tools
PATH: /Users/mathieu/android-sdks/platform-tools
PATH: /Users/mathieu/android-sdks/android-ndk-r9
PATH: /usr/bin
PATH: /bin
PATH: /usr/sbin
PATH: /sbin
PATH: /usr/local/bin
PATH: /opt/X11/bin
PATH: /Users/mathieu/.rvm/bin


## ----------- ##
## Core tests. ##
## ----------- ##

configure:2061: checking for gawk
configure:2091: result: no
configure:2061: checking for mawk
configure:2091: result: no
configure:2061: checking for nawk
configure:2091: result: no
configure:2061: checking for awk
configure:2077: found /usr/bin/awk
configure:2088: result: awk
configure:2164: checking for g++
configure:2180: found /usr/bin/g++
configure:2191: result: g++
configure:2218: checking for C++ compiler version
configure:2227: g++ --version >&5
Apple LLVM version 5.0 (clang-500.2.79) (based on LLVM 3.3svn)
Target: x86_64-apple-darwin13.0.0
Thread model: posix
Configured with: --prefix=/Applications/Xcode.app/Contents/Developer/usr --with-gxx-include-dir=/usr/include/c++/4.2.1
configure:2238: $? = 0
configure:2227: g++ -v >&5
Configured with: --prefix=/Applications/Xcode.app/Contents/Developer/usr --with-gxx-include-dir=/usr/include/c++/4.2.1
Apple LLVM version 5.0 (clang-500.2.79) (based on LLVM 3.3svn)
Target: x86_64-apple-darwin13.0.0
Thread model: posix
configure:2238: $? = 0
configure:2227: g++ -V >&5
clang: error: argument to '-V' is missing (expected 1 value)
clang: error: no input files
configure:2238: $? = 1
configure:2227: g++ -qversion >&5
clang: error: no input files
configure:2238: $? = 1
configure:2258: checking whether the C++ compiler works
configure:2280: g++    conftest.cpp  >&5
configure:2284: $? = 0
configure:2332: result: yes
configure:2335: checking for C++ compiler default output file name
configure:2337: result: a.out
configure:2343: checking for suffix of executables
configure:2350: g++ -o conftest    conftest.cpp  >&5
configure:2354: $? = 0
configure:2376: result: 
configure:2398: checking whether we are cross compiling
configure:2406: g++ -o conftest    conftest.cpp  >&5
configure:2410: $? = 0
configure:2417: ./conftest
configure:2421: $? = 0
configure:2436: result: no
configure:2441: checking for suffix of object files
configure:2463: g++ -c   conftest.cpp >&5
configure:2467: $? = 0
configure:2488: result: o
configure:2492: checking whether we are using the GNU C++ compiler
configure:2511: g++ -c   conftest.cpp >&5
configure:2511: $? = 0
configure:2520: result: yes
configure:2529: checking whether g++ accepts -g
configure:2549: g++ -c -g  conftest.cpp >&5
configure:2549: $? = 0
configure:2590: result: yes
configure:2619: checking how to run the C++ preprocessor
configure:2646: g++ -E  conftest.cpp
configure:2646: $? = 0
configure:2660: g++ -E  conftest.cpp
conftest.cpp:9:10: fatal error: 'ac_nonexistent.h' file not found
#include <ac_nonexistent.h>
         ^
1 error generated.
configure:2660: $? = 1
configure: failed program was:
| /* confdefs.h */
| #define PACKAGE_NAME "gvars3"
| #define PACKAGE_TARNAME "gvars3"
| #define PACKAGE_VERSION "0.6"
| #define PACKAGE_STRING "gvars3 0.6"
| #define PACKAGE_BUGREPORT ""
| #define PACKAGE_URL ""
| /* end confdefs.h.  */
| #include <ac_nonexistent.h>
configure:2685: result: g++ -E
configure:2705: g++ -E  conftest.cpp
configure:2705: $? = 0
configure:2719: g++ -E  conftest.cpp
conftest.cpp:9:10: fatal error: 'ac_nonexistent.h' file not found
#include <ac_nonexistent.h>
         ^
1 error generated.
configure:2719: $? = 1
configure: failed program was:
| /* confdefs.h */
| #define PACKAGE_NAME "gvars3"
| #define PACKAGE_TARNAME "gvars3"
| #define PACKAGE_VERSION "0.6"
| #define PACKAGE_STRING "gvars3 0.6"
| #define PACKAGE_BUGREPORT ""
| #define PACKAGE_URL ""
| /* end confdefs.h.  */
| #include <ac_nonexistent.h>
configure:2748: checking for grep that handles long lines and -e
configure:2806: result: /usr/bin/grep
configure:2811: checking for egrep
configure:2873: result: /usr/bin/grep -E
configure:2878: checking for ANSI C header files
configure:2898: g++ -c -g -O2  conftest.cpp >&5
configure:2898: $? = 0
configure:2971: g++ -o conftest -g -O2   conftest.cpp  >&5
configure:2971: $? = 0
configure:2971: ./conftest
configure:2971: $? = 0
configure:2982: result: yes
configure:2995: checking for sys/types.h
configure:2995: g++ -c -g -O2  conftest.cpp >&5
configure:2995: $? = 0
configure:2995: result: yes
configure:2995: checking for sys/stat.h
configure:2995: g++ -c -g -O2  conftest.cpp >&5
configure:2995: $? = 0
configure:2995: result: yes
configure:2995: checking for stdlib.h
configure:2995: g++ -c -g -O2  conftest.cpp >&5
configure:2995: $? = 0
configure:2995: result: yes
configure:2995: checking for string.h
configure:2995: g++ -c -g -O2  conftest.cpp >&5
configure:2995: $? = 0
configure:2995: result: yes
configure:2995: checking for memory.h
configure:2995: g++ -c -g -O2  conftest.cpp >&5
configure:2995: $? = 0
configure:2995: result: yes
configure:2995: checking for strings.h
configure:2995: g++ -c -g -O2  conftest.cpp >&5
configure:2995: $? = 0
configure:2995: result: yes
configure:2995: checking for inttypes.h
configure:2995: g++ -c -g -O2  conftest.cpp >&5
configure:2995: $? = 0
configure:2995: result: yes
configure:2995: checking for stdint.h
configure:2995: g++ -c -g -O2  conftest.cpp >&5
configure:2995: $? = 0
configure:2995: result: yes
configure:2995: checking for unistd.h
configure:2995: g++ -c -g -O2  conftest.cpp >&5
configure:2995: $? = 0
configure:2995: result: yes
configure:3009: checking iostream usability
configure:3009: g++ -c -g -O2  conftest.cpp >&5
configure:3009: $? = 0
configure:3009: result: yes
configure:3009: checking iostream presence
configure:3009: g++ -E  conftest.cpp
configure:3009: $? = 0
configure:3009: result: yes
configure:3009: checking for iostream
configure:3009: result: yes
configure:3057: checking build system type
configure:3071: result: i386-apple-darwin13.0.0
configure:3091: checking host system type
configure:3104: result: i386-apple-darwin13.0.0
configure:3128: Adding /sw to the build path.
configure:3130: Adding /opt/local to the build path.
configure:3150: checking if compiler flag -Wall works
configure:3165: g++ -c -g -O2 -Wall  -I /sw/include -I/opt/local/include -I/usr/X11R6/include conftest.cpp >&5
configure:3165: $? = 0
configure:3178: result: yes
configure:3191: checking if compiler flag -Wextra works
configure:3206: g++ -c -g -O2 -Wall -Wextra  -I /sw/include -I/opt/local/include -I/usr/X11R6/include conftest.cpp >&5
configure:3206: $? = 0
configure:3219: result: yes
configure:3251: checking for TooN
configure:3260: g++ -c -g -O2 -Wall -Wextra  -I /sw/include -I/opt/local/include -I/usr/X11R6/include -INONE/include conftest.cpp >&5
configure:3260: $? = 0
configure:3267: result: yes
configure:3279: checking for TooN-2
configure:3288: g++ -c -g -O2 -Wall -Wextra  -I /sw/include -I/opt/local/include -I/usr/X11R6/include -INONE/include conftest.cpp >&5
configure:3288: $? = 0
configure:3295: result: yes
configure:3308: checking if compiler flag -pthread works
configure:3323: g++ -c -g -O2 -Wall -Wextra -pthread  -I /sw/include -I/opt/local/include -I/usr/X11R6/include -INONE/include conftest.cpp >&5
configure:3323: $? = 0
configure:3336: result: yes
configure:3639: checking for X
configure:3747: g++ -E  -I /sw/include -I/opt/local/include -I/usr/X11R6/include -INONE/include conftest.cpp
configure:3747: $? = 0
configure:3778: g++ -o conftest -g -O2 -Wall -Wextra -pthread  -I /sw/include -I/opt/local/include -I/usr/X11R6/include -INONE/include  conftest.cpp -lX11  -L/sw/lib -L/opt/local/lib >&5
ld: warning: directory not found for option '-L/sw/lib'
ld: warning: directory not found for option '-L/opt/local/lib'
ld: library not found for -lX11
clang: error: linker command failed with exit code 1 (use -v to see invocation)
configure:3778: $? = 1
configure: failed program was:
| /* confdefs.h */
| #define PACKAGE_NAME "gvars3"
| #define PACKAGE_TARNAME "gvars3"
| #define PACKAGE_VERSION "0.6"
| #define PACKAGE_STRING "gvars3 0.6"
| #define PACKAGE_BUGREPORT ""
| #define PACKAGE_URL ""
| #define STDC_HEADERS 1
| #define HAVE_SYS_TYPES_H 1
| #define HAVE_SYS_STAT_H 1
| #define HAVE_STDLIB_H 1
| #define HAVE_STRING_H 1
| #define HAVE_MEMORY_H 1
| #define HAVE_STRINGS_H 1
| #define HAVE_INTTYPES_H 1
| #define HAVE_STDINT_H 1
| #define HAVE_UNISTD_H 1
| #define HAVE_IOSTREAM 1
| #define GVARS3_HAVE_TOON 1
| #define GVARS3_HAVE_TOON2 1
| /* end confdefs.h.  */
| #include <X11/Xlib.h>
| int
| main ()
| {
| XrmInitialize ()
|   ;
|   return 0;
| }
configure:3828: result: libraries /usr/X11/lib, headers 
configure:3839: checking Xm/Xm.h usability
configure:3839: g++ -c -g -O2 -Wall -Wextra -pthread  -I /sw/include -I/opt/local/include -I/usr/X11R6/include -INONE/include conftest.cpp >&5
conftest.cpp:55:10: fatal error: 'Xm/Xm.h' file not found
#include <Xm/Xm.h>
         ^
1 error generated.
configure:3839: $? = 1
configure: failed program was:
| /* confdefs.h */
| #define PACKAGE_NAME "gvars3"
| #define PACKAGE_TARNAME "gvars3"
| #define PACKAGE_VERSION "0.6"
| #define PACKAGE_STRING "gvars3 0.6"
| #define PACKAGE_BUGREPORT ""
| #define PACKAGE_URL ""
| #define STDC_HEADERS 1
| #define HAVE_SYS_TYPES_H 1
| #define HAVE_SYS_STAT_H 1
| #define HAVE_STDLIB_H 1
| #define HAVE_STRING_H 1
| #define HAVE_MEMORY_H 1
| #define HAVE_STRINGS_H 1
| #define HAVE_INTTYPES_H 1
| #define HAVE_STDINT_H 1
| #define HAVE_UNISTD_H 1
| #define HAVE_IOSTREAM 1
| #define GVARS3_HAVE_TOON 1
| #define GVARS3_HAVE_TOON2 1
| /* end confdefs.h.  */
| #include <stdio.h>
| #ifdef HAVE_SYS_TYPES_H
| # include <sys/types.h>
| #endif
| #ifdef HAVE_SYS_STAT_H
| # include <sys/stat.h>
| #endif
| #ifdef STDC_HEADERS
| # include <stdlib.h>
| # include <stddef.h>
| #else
| # ifdef HAVE_STDLIB_H
| #  include <stdlib.h>
| # endif
| #endif
| #ifdef HAVE_STRING_H
| # if !defined STDC_HEADERS && defined HAVE_MEMORY_H
| #  include <memory.h>
| # endif
| # include <string.h>
| #endif
| #ifdef HAVE_STRINGS_H
| # include <strings.h>
| #endif
| #ifdef HAVE_INTTYPES_H
| # include <inttypes.h>
| #endif
| #ifdef HAVE_STDINT_H
| # include <stdint.h>
| #endif
| #ifdef HAVE_UNISTD_H
| # include <unistd.h>
| #endif
| #include <Xm/Xm.h>
configure:3839: result: no
configure:3839: checking Xm/Xm.h presence
configure:3839: g++ -E  -I /sw/include -I/opt/local/include -I/usr/X11R6/include -INONE/include conftest.cpp
conftest.cpp:22:10: fatal error: 'Xm/Xm.h' file not found
#include <Xm/Xm.h>
         ^
1 error generated.
configure:3839: $? = 1
configure: failed program was:
| /* confdefs.h */
| #define PACKAGE_NAME "gvars3"
| #define PACKAGE_TARNAME "gvars3"
| #define PACKAGE_VERSION "0.6"
| #define PACKAGE_STRING "gvars3 0.6"
| #define PACKAGE_BUGREPORT ""
| #define PACKAGE_URL ""
| #define STDC_HEADERS 1
| #define HAVE_SYS_TYPES_H 1
| #define HAVE_SYS_STAT_H 1
| #define HAVE_STDLIB_H 1
| #define HAVE_STRING_H 1
| #define HAVE_MEMORY_H 1
| #define HAVE_STRINGS_H 1
| #define HAVE_INTTYPES_H 1
| #define HAVE_STDINT_H 1
| #define HAVE_UNISTD_H 1
| #define HAVE_IOSTREAM 1
| #define GVARS3_HAVE_TOON 1
| #define GVARS3_HAVE_TOON2 1
| /* end confdefs.h.  */
| #include <Xm/Xm.h>
configure:3839: result: no
configure:3839: checking for Xm/Xm.h
configure:3839: result: no
configure:3849: checking for main in -lXm
configure:3868: g++ -o conftest -g -O2 -Wall -Wextra -pthread  -I /sw/include -I/opt/local/include -I/usr/X11R6/include -INONE/include  conftest.cpp -lXm  -L/usr/X11/lib  -L/sw/lib -L/opt/local/lib >&5
ld: warning: directory not found for option '-L/sw/lib'
ld: warning: directory not found for option '-L/opt/local/lib'
ld: library not found for -lXm
clang: error: linker command failed with exit code 1 (use -v to see invocation)
configure:3868: $? = 1
configure: failed program was:
| /* confdefs.h */
| #define PACKAGE_NAME "gvars3"
| #define PACKAGE_TARNAME "gvars3"
| #define PACKAGE_VERSION "0.6"
| #define PACKAGE_STRING "gvars3 0.6"
| #define PACKAGE_BUGREPORT ""
| #define PACKAGE_URL ""
| #define STDC_HEADERS 1
| #define HAVE_SYS_TYPES_H 1
| #define HAVE_SYS_STAT_H 1
| #define HAVE_STDLIB_H 1
| #define HAVE_STRING_H 1
| #define HAVE_MEMORY_H 1
| #define HAVE_STRINGS_H 1
| #define HAVE_INTTYPES_H 1
| #define HAVE_STDINT_H 1
| #define HAVE_UNISTD_H 1
| #define HAVE_IOSTREAM 1
| #define GVARS3_HAVE_TOON 1
| #define GVARS3_HAVE_TOON2 1
| /* end confdefs.h.  */
| 
| 
| int
| main ()
| {
| return main ();
|   ;
|   return 0;
| }
configure:3877: result: no
configure:3898: WARNING: No GUI functionality enabled
configure:4100: creating ./config.status

## ---------------------- ##
## Running config.status. ##
## ---------------------- ##

This file was extended by gvars3 config.status 0.6, which was
generated by GNU Autoconf 2.68.  Invocation command line was

  CONFIG_FILES    = 
  CONFIG_HEADERS  = 
  CONFIG_LINKS    = 
  CONFIG_COMMANDS = 
  $ ./config.status 

on MacBook-Pro-de-Mathieu.local

config.status:835: creating Makefile
config.status:835: creating gvars3/config.h
config.status:1005: gvars3/config.h is unchanged

## ---------------- ##
## Cache variables. ##
## ---------------- ##

ac_cv_build=i386-apple-darwin13.0.0
ac_cv_cxx_compiler_gnu=yes
ac_cv_env_CCC_set=
ac_cv_env_CCC_value=
ac_cv_env_CPPFLAGS_set=
ac_cv_env_CPPFLAGS_value=
ac_cv_env_CXXCPP_set=
ac_cv_env_CXXCPP_value=
ac_cv_env_CXXFLAGS_set=
ac_cv_env_CXXFLAGS_value=
ac_cv_env_CXX_set=
ac_cv_env_CXX_value=
ac_cv_env_LDFLAGS_set=
ac_cv_env_LDFLAGS_value=
ac_cv_env_LIBS_set=
ac_cv_env_LIBS_value=
ac_cv_env_XMKMF_set=
ac_cv_env_XMKMF_value=
ac_cv_env_build_alias_set=
ac_cv_env_build_alias_value=
ac_cv_env_host_alias_set=
ac_cv_env_host_alias_value=
ac_cv_env_target_alias_set=
ac_cv_env_target_alias_value=
ac_cv_have_x='have_x=yes	ac_x_includes='\'''\''	ac_x_libraries='\''/usr/X11/lib'\'''
ac_cv_header_Xm_Xm_h=no
ac_cv_header_inttypes_h=yes
ac_cv_header_iostream=yes
ac_cv_header_memory_h=yes
ac_cv_header_stdc=yes
ac_cv_header_stdint_h=yes
ac_cv_header_stdlib_h=yes
ac_cv_header_string_h=yes
ac_cv_header_strings_h=yes
ac_cv_header_sys_stat_h=yes
ac_cv_header_sys_types_h=yes
ac_cv_header_unistd_h=yes
ac_cv_host=i386-apple-darwin13.0.0
ac_cv_lib_Xm_main=no
ac_cv_objext=o
ac_cv_path_EGREP='/usr/bin/grep -E'
ac_cv_path_GREP=/usr/bin/grep
ac_cv_prog_AWK=awk
ac_cv_prog_CXXCPP='g++ -E'
ac_cv_prog_ac_ct_CXX=g++
ac_cv_prog_cxx_g=yes

## ----------------- ##
## Output variables. ##
## ----------------- ##

AWK='awk'
CPPFLAGS=' -I /sw/include -I/opt/local/include -I/usr/X11R6/include -INONE/include'
CXX='g++'
CXXCPP='g++ -E'
CXXFLAGS='-g -O2 -Wall -Wextra -pthread'
DEFS='-DHAVE_CONFIG_H'
ECHO_C='\c'
ECHO_N=''
ECHO_T=''
EGREP='/usr/bin/grep -E'
EXEEXT=''
GREP='/usr/bin/grep'
HLIBS=' -L/sw/lib -L/opt/local/lib'
LDFLAGS=''
LIBOBJS=''
LIBS=' -L/sw/lib -L/opt/local/lib'
LTLIBOBJS=''
OBJEXT='o'
PACKAGE_BUGREPORT=''
PACKAGE_NAME='gvars3'
PACKAGE_STRING='gvars3 0.6'
PACKAGE_TARNAME='gvars3'
PACKAGE_URL=''
PACKAGE_VERSION='0.6'
PATH_SEPARATOR=':'
SHELL='/bin/sh'
XMKMF=''
a='1'
ac_ct_CXX='g++'
bindir='${exec_prefix}/bin'
build='i386-apple-darwin13.0.0'
build_alias=''
build_cpu='i386'
build_os='darwin13.0.0'
build_vendor='apple'
datadir='${datarootdir}'
datarootdir='${prefix}/share'
docdir='${datarootdir}/doc/${PACKAGE_TARNAME}'
dvidir='${docdir}'
exec_prefix='${prefix}'
guiobj='GUI_none'
have_readline=''
have_toon='yes'
host='i386-apple-darwin13.0.0'
host_alias=''
host_cpu='i386'
host_os='darwin13.0.0'
host_vendor='apple'
htmldir='${docdir}'
includedir='${prefix}/include'
infodir='${datarootdir}/info'
libdir='${exec_prefix}/lib'
libexecdir='${exec_prefix}/libexec'
localedir='${datarootdir}/locale'
localstatedir='${prefix}/var'
major='0'
make_debug=''
make_headless='yes'
make_lang=''
make_normal='no'
mandir='${datarootdir}/man'
minor='6'
oldincludedir='/usr/include'
osx_hacks='yes'
pdfdir='${docdir}'
prefix='/usr/local'
program_transform_name='s,x,x,'
psdir='${docdir}'
sbindir='${exec_prefix}/sbin'
sharedstatedir='${prefix}/com'
sysconfdir='${prefix}/etc'
target_alias=''

## ----------- ##
## confdefs.h. ##
## ----------- ##

/* confdefs.h */
#define PACKAGE_NAME "gvars3"
#define PACKAGE_TARNAME "gvars3"
#define PACKAGE_VERSION "0.6"
#define PACKAGE_STRING "gvars3 0.6"
#define PACKAGE_BUGREPORT ""
#define PACKAGE_URL ""
#define STDC_HEADERS 1
#define HAVE_SYS_TYPES_H 1
#define HAVE_SYS_STAT_H 1
#define HAVE_STDLIB_H 1
#define HAVE_STRING_H 1
#define HAVE_MEMORY_H 1
#define HAVE_STRINGS_H 1
#define HAVE_INTTYPES_H 1
#define HAVE_STDINT_H 1
#define HAVE_UNISTD_H 1
#define HAVE_IOSTREAM 1
#define GVARS3_HAVE_TOON 1
#define GVARS3_HAVE_TOON2 1

configure: exit 0
